2015-09-07 23:53:41 [127.0.0.1][-][-][error][yii\db\Exception] exception 'PDOException' with message 'SQLSTATE[28000] [1045] Access denied for user 'root'@'localhost' (using password: YES)' in /var/www/html/cms_beta/vendor/yiisoft/yii2/db/Connection.php:579
Stack trace:
#0 /var/www/html/cms_beta/vendor/yiisoft/yii2/db/Connection.php(579): PDO->__construct('mysql:host=loca...', 'root', 'root', NULL)
#1 /var/www/html/cms_beta/vendor/yiisoft/yii2/db/Connection.php(529): yii\db\Connection->createPdoInstance()
#2 /var/www/html/cms_beta/vendor/yiisoft/yii2/db/Connection.php(836): yii\db\Connection->open()
#3 /var/www/html/cms_beta/vendor/yiisoft/yii2/db/Connection.php(823): yii\db\Connection->getMasterPdo()
#4 /var/www/html/cms_beta/vendor/yiisoft/yii2/db/Command.php(208): yii\db\Connection->getSlavePdo()
#5 /var/www/html/cms_beta/vendor/yiisoft/yii2/db/Command.php(816): yii\db\Command->prepare(true)
#6 /var/www/html/cms_beta/vendor/yiisoft/yii2/db/Command.php(364): yii\db\Command->queryInternal('fetch', NULL)
#7 /var/www/html/cms_beta/vendor/yiisoft/yii2/db/Query.php(243): yii\db\Command->queryOne()
#8 /var/www/html/cms_beta/vendor/yiisoft/yii2/db/ActiveQuery.php(285): yii\db\Query->one(NULL)
#9 /var/www/html/cms_beta/vendor/yiisoft/yii2/db/BaseActiveRecord.php(101): yii\db\ActiveQuery->one()
#10 /var/www/html/cms_beta/common/models/User.php(63): yii\db\BaseActiveRecord::findOne(Array)
#11 /var/www/html/cms_beta/vendor/yiisoft/yii2/web/User.php(614): common\models\User::findIdentity(1)
#12 /var/www/html/cms_beta/vendor/yiisoft/yii2/web/User.php(176): yii\web\User->renewAuthStatus()
#13 /var/www/html/cms_beta/vendor/yiisoft/yii2/web/User.php(346): yii\web\User->getIdentity()
#14 /var/www/html/cms_beta/vendor/yiisoft/yii2/filters/AccessRule.php(149): yii\web\User->getIsGuest()
#15 /var/www/html/cms_beta/vendor/yiisoft/yii2/filters/AccessRule.php(104): yii\filters\AccessRule->matchRole(Object(yii\web\User))
#16 /var/www/html/cms_beta/vendor/yiisoft/yii2/filters/AccessControl.php(118): yii\filters\AccessRule->allows(Object(yii\base\InlineAction), Object(yii\web\User), Object(yii\web\Request))
#17 /var/www/html/cms_beta/vendor/yiisoft/yii2/base/ActionFilter.php(71): yii\filters\AccessControl->beforeAction(Object(yii\base\InlineAction))
#18 [internal function]: yii\base\ActionFilter->beforeFilter(Object(yii\base\ActionEvent))
#19 /var/www/html/cms_beta/vendor/yiisoft/yii2/base/Component.php(538): call_user_func(Array, Object(yii\base\ActionEvent))
#20 /var/www/html/cms_beta/vendor/yiisoft/yii2/base/Controller.php(259): yii\base\Component->trigger('beforeAction', Object(yii\base\ActionEvent))
#21 /var/www/html/cms_beta/vendor/yiisoft/yii2/web/Controller.php(108): yii\base\Controller->beforeAction(Object(yii\base\InlineAction))
#22 /var/www/html/cms_beta/vendor/yiisoft/yii2/base/Controller.php(149): yii\web\Controller->beforeAction(Object(yii\base\InlineAction))
#23 /var/www/html/cms_beta/vendor/yiisoft/yii2/base/Module.php(455): yii\base\Controller->runAction('', Array)
#24 /var/www/html/cms_beta/vendor/yiisoft/yii2/web/Application.php(83): yii\base\Module->runAction('', Array)
#25 /var/www/html/cms_beta/vendor/yiisoft/yii2/base/Application.php(375): yii\web\Application->handleRequest(Object(yii\web\Request))
#26 /var/www/html/cms_beta/backend/web/index.php(18): yii\base\Application->run()
#27 {main}

Next exception 'yii\db\Exception' with message 'SQLSTATE[28000] [1045] Access denied for user 'root'@'localhost' (using password: YES)' in /var/www/html/cms_beta/vendor/yiisoft/yii2/db/Connection.php:534
Stack trace:
#0 /var/www/html/cms_beta/vendor/yiisoft/yii2/db/Connection.php(836): yii\db\Connection->open()
#1 /var/www/html/cms_beta/vendor/yiisoft/yii2/db/Connection.php(823): yii\db\Connection->getMasterPdo()
#2 /var/www/html/cms_beta/vendor/yiisoft/yii2/db/Command.php(208): yii\db\Connection->getSlavePdo()
#3 /var/www/html/cms_beta/vendor/yiisoft/yii2/db/Command.php(816): yii\db\Command->prepare(true)
#4 /var/www/html/cms_beta/vendor/yiisoft/yii2/db/Command.php(364): yii\db\Command->queryInternal('fetch', NULL)
#5 /var/www/html/cms_beta/vendor/yiisoft/yii2/db/Query.php(243): yii\db\Command->queryOne()
#6 /var/www/html/cms_beta/vendor/yiisoft/yii2/db/ActiveQuery.php(285): yii\db\Query->one(NULL)
#7 /var/www/html/cms_beta/vendor/yiisoft/yii2/db/BaseActiveRecord.php(101): yii\db\ActiveQuery->one()
#8 /var/www/html/cms_beta/common/models/User.php(63): yii\db\BaseActiveRecord::findOne(Array)
#9 /var/www/html/cms_beta/vendor/yiisoft/yii2/web/User.php(614): common\models\User::findIdentity(1)
#10 /var/www/html/cms_beta/vendor/yiisoft/yii2/web/User.php(176): yii\web\User->renewAuthStatus()
#11 /var/www/html/cms_beta/vendor/yiisoft/yii2/web/User.php(346): yii\web\User->getIdentity()
#12 /var/www/html/cms_beta/vendor/yiisoft/yii2/filters/AccessRule.php(149): yii\web\User->getIsGuest()
#13 /var/www/html/cms_beta/vendor/yiisoft/yii2/filters/AccessRule.php(104): yii\filters\AccessRule->matchRole(Object(yii\web\User))
#14 /var/www/html/cms_beta/vendor/yiisoft/yii2/filters/AccessControl.php(118): yii\filters\AccessRule->allows(Object(yii\base\InlineAction), Object(yii\web\User), Object(yii\web\Request))
#15 /var/www/html/cms_beta/vendor/yiisoft/yii2/base/ActionFilter.php(71): yii\filters\AccessControl->beforeAction(Object(yii\base\InlineAction))
#16 [internal function]: yii\base\ActionFilter->beforeFilter(Object(yii\base\ActionEvent))
#17 /var/www/html/cms_beta/vendor/yiisoft/yii2/base/Component.php(538): call_user_func(Array, Object(yii\base\ActionEvent))
#18 /var/www/html/cms_beta/vendor/yiisoft/yii2/base/Controller.php(259): yii\base\Component->trigger('beforeAction', Object(yii\base\ActionEvent))
#19 /var/www/html/cms_beta/vendor/yiisoft/yii2/web/Controller.php(108): yii\base\Controller->beforeAction(Object(yii\base\InlineAction))
#20 /var/www/html/cms_beta/vendor/yiisoft/yii2/base/Controller.php(149): yii\web\Controller->beforeAction(Object(yii\base\InlineAction))
#21 /var/www/html/cms_beta/vendor/yiisoft/yii2/base/Module.php(455): yii\base\Controller->runAction('', Array)
#22 /var/www/html/cms_beta/vendor/yiisoft/yii2/web/Application.php(83): yii\base\Module->runAction('', Array)
#23 /var/www/html/cms_beta/vendor/yiisoft/yii2/base/Application.php(375): yii\web\Application->handleRequest(Object(yii\web\Request))
#24 /var/www/html/cms_beta/backend/web/index.php(18): yii\base\Application->run()
#25 {main}
Additional Information:

2015-09-07 23:53:41 [127.0.0.1][-][-][info][application] $_COOKIE = [
    '_ga' => 'GA1.1.2047818126.1439657538'
    '__zlcmid' => 'WEesb44vzI0vpE'
    'lang' => '9356938b9adc086f34962b4334258cf1e32279b1s:2:\"en\";'
    '_identity' => '32dca20b64f452a807c4d3a42e3b6ef5b9f223b8c1ba96ddefdb488bd4bb011aa:2:{i:0;s:9:\"_identity\";i:1;s:14:\"[1,\"\",2592000]\";}'
    '_csrf' => '994632701b62384ca26ee06062aaf73b5de4d99f7a4bd671550838917ad59df5a:2:{i:0;s:5:\"_csrf\";i:1;s:32:\"9o4n-zp9DRFrR7RZ7auX5BVnE-R2ikP8\";}'
    'PHPSESSID' => 's6f8fofrsqh7g05u1lv76m4ae4'
]

$_SESSION = [
    '__flash' => []
    '__id' => 1
]

$_SERVER = [
    'HTTP_HOST' => 'localhost'
    'HTTP_USER_AGENT' => 'Mozilla/5.0 (X11; Ubuntu; Linux x86_64; rv:40.0) Gecko/20100101 Firefox/40.0'
    'HTTP_ACCEPT' => 'text/html,application/xhtml+xml,application/xml;q=0.9,*/*;q=0.8'
    'HTTP_ACCEPT_LANGUAGE' => 'es,en-US;q=0.7,en;q=0.3'
    'HTTP_ACCEPT_ENCODING' => 'gzip, deflate'
    'HTTP_REFERER' => 'http://localhost/cms_beta/backend/'
    'HTTP_COOKIE' => '_ga=GA1.1.2047818126.1439657538; __zlcmid=WEesb44vzI0vpE; lang=9356938b9adc086f34962b4334258cf1e32279b1s%3A2%3A%22en%22%3B; _identity=32dca20b64f452a807c4d3a42e3b6ef5b9f223b8c1ba96ddefdb488bd4bb011aa%3A2%3A%7Bi%3A0%3Bs%3A9%3A%22_identity%22%3Bi%3A1%3Bs%3A14%3A%22%5B1%2C%22%22%2C2592000%5D%22%3B%7D; _csrf=994632701b62384ca26ee06062aaf73b5de4d99f7a4bd671550838917ad59df5a%3A2%3A%7Bi%3A0%3Bs%3A5%3A%22_csrf%22%3Bi%3A1%3Bs%3A32%3A%229o4n-zp9DRFrR7RZ7auX5BVnE-R2ikP8%22%3B%7D; PHPSESSID=s6f8fofrsqh7g05u1lv76m4ae4'
    'HTTP_CONNECTION' => 'keep-alive'
    'HTTP_CACHE_CONTROL' => 'max-age=0'
    'PATH' => '/usr/local/sbin:/usr/local/bin:/usr/sbin:/usr/bin:/sbin:/bin'
    'SERVER_SIGNATURE' => '<address>Apache/2.4.10 (Ubuntu) Server at localhost Port 80</address>
'
    'SERVER_SOFTWARE' => 'Apache/2.4.10 (Ubuntu)'
    'SERVER_NAME' => 'localhost'
    'SERVER_ADDR' => '127.0.0.1'
    'SERVER_PORT' => '80'
    'REMOTE_ADDR' => '127.0.0.1'
    'DOCUMENT_ROOT' => '/var/www/html'
    'REQUEST_SCHEME' => 'http'
    'CONTEXT_PREFIX' => ''
    'CONTEXT_DOCUMENT_ROOT' => '/var/www/html'
    'SERVER_ADMIN' => 'webmaster@localhost'
    'SCRIPT_FILENAME' => '/var/www/html/cms_beta/backend/web/index.php'
    'REMOTE_PORT' => '48124'
    'GATEWAY_INTERFACE' => 'CGI/1.1'
    'SERVER_PROTOCOL' => 'HTTP/1.1'
    'REQUEST_METHOD' => 'GET'
    'QUERY_STRING' => ''
    'REQUEST_URI' => '/cms_beta/backend/web/'
    'SCRIPT_NAME' => '/cms_beta/backend/web/index.php'
    'PHP_SELF' => '/cms_beta/backend/web/index.php'
    'REQUEST_TIME_FLOAT' => 1441670021.416
    'REQUEST_TIME' => 1441670021
]
2015-09-07 23:55:43 [127.0.0.1][-][-][error][yii\db\Exception] exception 'PDOException' with message 'SQLSTATE[28000] [1045] Access denied for user 'root'@'localhost' (using password: YES)' in /var/www/html/cms_beta/vendor/yiisoft/yii2/db/Connection.php:579
Stack trace:
#0 /var/www/html/cms_beta/vendor/yiisoft/yii2/db/Connection.php(579): PDO->__construct('mysql:host=loca...', 'root', 'root', NULL)
#1 /var/www/html/cms_beta/vendor/yiisoft/yii2/db/Connection.php(529): yii\db\Connection->createPdoInstance()
#2 /var/www/html/cms_beta/vendor/yiisoft/yii2/db/Connection.php(836): yii\db\Connection->open()
#3 /var/www/html/cms_beta/vendor/yiisoft/yii2/db/Connection.php(823): yii\db\Connection->getMasterPdo()
#4 /var/www/html/cms_beta/vendor/yiisoft/yii2/db/Command.php(208): yii\db\Connection->getSlavePdo()
#5 /var/www/html/cms_beta/vendor/yiisoft/yii2/db/Command.php(816): yii\db\Command->prepare(true)
#6 /var/www/html/cms_beta/vendor/yiisoft/yii2/db/Command.php(364): yii\db\Command->queryInternal('fetch', NULL)
#7 /var/www/html/cms_beta/vendor/yiisoft/yii2/db/Query.php(243): yii\db\Command->queryOne()
#8 /var/www/html/cms_beta/vendor/yiisoft/yii2/db/ActiveQuery.php(285): yii\db\Query->one(NULL)
#9 /var/www/html/cms_beta/vendor/yiisoft/yii2/db/BaseActiveRecord.php(101): yii\db\ActiveQuery->one()
#10 /var/www/html/cms_beta/common/models/User.php(63): yii\db\BaseActiveRecord::findOne(Array)
#11 /var/www/html/cms_beta/vendor/yiisoft/yii2/web/User.php(614): common\models\User::findIdentity(1)
#12 /var/www/html/cms_beta/vendor/yiisoft/yii2/web/User.php(176): yii\web\User->renewAuthStatus()
#13 /var/www/html/cms_beta/vendor/yiisoft/yii2/web/User.php(346): yii\web\User->getIdentity()
#14 /var/www/html/cms_beta/vendor/yiisoft/yii2/filters/AccessRule.php(149): yii\web\User->getIsGuest()
#15 /var/www/html/cms_beta/vendor/yiisoft/yii2/filters/AccessRule.php(104): yii\filters\AccessRule->matchRole(Object(yii\web\User))
#16 /var/www/html/cms_beta/vendor/yiisoft/yii2/filters/AccessControl.php(118): yii\filters\AccessRule->allows(Object(yii\base\InlineAction), Object(yii\web\User), Object(yii\web\Request))
#17 /var/www/html/cms_beta/vendor/yiisoft/yii2/base/ActionFilter.php(71): yii\filters\AccessControl->beforeAction(Object(yii\base\InlineAction))
#18 [internal function]: yii\base\ActionFilter->beforeFilter(Object(yii\base\ActionEvent))
#19 /var/www/html/cms_beta/vendor/yiisoft/yii2/base/Component.php(538): call_user_func(Array, Object(yii\base\ActionEvent))
#20 /var/www/html/cms_beta/vendor/yiisoft/yii2/base/Controller.php(259): yii\base\Component->trigger('beforeAction', Object(yii\base\ActionEvent))
#21 /var/www/html/cms_beta/vendor/yiisoft/yii2/web/Controller.php(108): yii\base\Controller->beforeAction(Object(yii\base\InlineAction))
#22 /var/www/html/cms_beta/vendor/yiisoft/yii2/base/Controller.php(149): yii\web\Controller->beforeAction(Object(yii\base\InlineAction))
#23 /var/www/html/cms_beta/vendor/yiisoft/yii2/base/Module.php(455): yii\base\Controller->runAction('', Array)
#24 /var/www/html/cms_beta/vendor/yiisoft/yii2/web/Application.php(83): yii\base\Module->runAction('', Array)
#25 /var/www/html/cms_beta/vendor/yiisoft/yii2/base/Application.php(375): yii\web\Application->handleRequest(Object(yii\web\Request))
#26 /var/www/html/cms_beta/backend/web/index.php(18): yii\base\Application->run()
#27 {main}

Next exception 'yii\db\Exception' with message 'SQLSTATE[28000] [1045] Access denied for user 'root'@'localhost' (using password: YES)' in /var/www/html/cms_beta/vendor/yiisoft/yii2/db/Connection.php:534
Stack trace:
#0 /var/www/html/cms_beta/vendor/yiisoft/yii2/db/Connection.php(836): yii\db\Connection->open()
#1 /var/www/html/cms_beta/vendor/yiisoft/yii2/db/Connection.php(823): yii\db\Connection->getMasterPdo()
#2 /var/www/html/cms_beta/vendor/yiisoft/yii2/db/Command.php(208): yii\db\Connection->getSlavePdo()
#3 /var/www/html/cms_beta/vendor/yiisoft/yii2/db/Command.php(816): yii\db\Command->prepare(true)
#4 /var/www/html/cms_beta/vendor/yiisoft/yii2/db/Command.php(364): yii\db\Command->queryInternal('fetch', NULL)
#5 /var/www/html/cms_beta/vendor/yiisoft/yii2/db/Query.php(243): yii\db\Command->queryOne()
#6 /var/www/html/cms_beta/vendor/yiisoft/yii2/db/ActiveQuery.php(285): yii\db\Query->one(NULL)
#7 /var/www/html/cms_beta/vendor/yiisoft/yii2/db/BaseActiveRecord.php(101): yii\db\ActiveQuery->one()
#8 /var/www/html/cms_beta/common/models/User.php(63): yii\db\BaseActiveRecord::findOne(Array)
#9 /var/www/html/cms_beta/vendor/yiisoft/yii2/web/User.php(614): common\models\User::findIdentity(1)
#10 /var/www/html/cms_beta/vendor/yiisoft/yii2/web/User.php(176): yii\web\User->renewAuthStatus()
#11 /var/www/html/cms_beta/vendor/yiisoft/yii2/web/User.php(346): yii\web\User->getIdentity()
#12 /var/www/html/cms_beta/vendor/yiisoft/yii2/filters/AccessRule.php(149): yii\web\User->getIsGuest()
#13 /var/www/html/cms_beta/vendor/yiisoft/yii2/filters/AccessRule.php(104): yii\filters\AccessRule->matchRole(Object(yii\web\User))
#14 /var/www/html/cms_beta/vendor/yiisoft/yii2/filters/AccessControl.php(118): yii\filters\AccessRule->allows(Object(yii\base\InlineAction), Object(yii\web\User), Object(yii\web\Request))
#15 /var/www/html/cms_beta/vendor/yiisoft/yii2/base/ActionFilter.php(71): yii\filters\AccessControl->beforeAction(Object(yii\base\InlineAction))
#16 [internal function]: yii\base\ActionFilter->beforeFilter(Object(yii\base\ActionEvent))
#17 /var/www/html/cms_beta/vendor/yiisoft/yii2/base/Component.php(538): call_user_func(Array, Object(yii\base\ActionEvent))
#18 /var/www/html/cms_beta/vendor/yiisoft/yii2/base/Controller.php(259): yii\base\Component->trigger('beforeAction', Object(yii\base\ActionEvent))
#19 /var/www/html/cms_beta/vendor/yiisoft/yii2/web/Controller.php(108): yii\base\Controller->beforeAction(Object(yii\base\InlineAction))
#20 /var/www/html/cms_beta/vendor/yiisoft/yii2/base/Controller.php(149): yii\web\Controller->beforeAction(Object(yii\base\InlineAction))
#21 /var/www/html/cms_beta/vendor/yiisoft/yii2/base/Module.php(455): yii\base\Controller->runAction('', Array)
#22 /var/www/html/cms_beta/vendor/yiisoft/yii2/web/Application.php(83): yii\base\Module->runAction('', Array)
#23 /var/www/html/cms_beta/vendor/yiisoft/yii2/base/Application.php(375): yii\web\Application->handleRequest(Object(yii\web\Request))
#24 /var/www/html/cms_beta/backend/web/index.php(18): yii\base\Application->run()
#25 {main}
Additional Information:

2015-09-07 23:55:43 [127.0.0.1][-][-][info][application] $_COOKIE = [
    '_ga' => 'GA1.1.2047818126.1439657538'
    '__zlcmid' => 'WEesb44vzI0vpE'
    'lang' => '9356938b9adc086f34962b4334258cf1e32279b1s:2:\"en\";'
    '_identity' => '32dca20b64f452a807c4d3a42e3b6ef5b9f223b8c1ba96ddefdb488bd4bb011aa:2:{i:0;s:9:\"_identity\";i:1;s:14:\"[1,\"\",2592000]\";}'
    '_csrf' => '994632701b62384ca26ee06062aaf73b5de4d99f7a4bd671550838917ad59df5a:2:{i:0;s:5:\"_csrf\";i:1;s:32:\"9o4n-zp9DRFrR7RZ7auX5BVnE-R2ikP8\";}'
    'PHPSESSID' => 's6f8fofrsqh7g05u1lv76m4ae4'
]

$_SESSION = [
    '__flash' => []
    '__id' => 1
]

$_SERVER = [
    'HTTP_HOST' => 'localhost'
    'HTTP_USER_AGENT' => 'Mozilla/5.0 (X11; Ubuntu; Linux x86_64; rv:40.0) Gecko/20100101 Firefox/40.0'
    'HTTP_ACCEPT' => 'text/html,application/xhtml+xml,application/xml;q=0.9,*/*;q=0.8'
    'HTTP_ACCEPT_LANGUAGE' => 'es,en-US;q=0.7,en;q=0.3'
    'HTTP_ACCEPT_ENCODING' => 'gzip, deflate'
    'HTTP_REFERER' => 'http://localhost/cms_beta/backend/'
    'HTTP_COOKIE' => '_ga=GA1.1.2047818126.1439657538; __zlcmid=WEesb44vzI0vpE; lang=9356938b9adc086f34962b4334258cf1e32279b1s%3A2%3A%22en%22%3B; _identity=32dca20b64f452a807c4d3a42e3b6ef5b9f223b8c1ba96ddefdb488bd4bb011aa%3A2%3A%7Bi%3A0%3Bs%3A9%3A%22_identity%22%3Bi%3A1%3Bs%3A14%3A%22%5B1%2C%22%22%2C2592000%5D%22%3B%7D; _csrf=994632701b62384ca26ee06062aaf73b5de4d99f7a4bd671550838917ad59df5a%3A2%3A%7Bi%3A0%3Bs%3A5%3A%22_csrf%22%3Bi%3A1%3Bs%3A32%3A%229o4n-zp9DRFrR7RZ7auX5BVnE-R2ikP8%22%3B%7D; PHPSESSID=s6f8fofrsqh7g05u1lv76m4ae4'
    'HTTP_CONNECTION' => 'keep-alive'
    'HTTP_CACHE_CONTROL' => 'max-age=0'
    'PATH' => '/usr/local/sbin:/usr/local/bin:/usr/sbin:/usr/bin:/sbin:/bin'
    'SERVER_SIGNATURE' => '<address>Apache/2.4.10 (Ubuntu) Server at localhost Port 80</address>
'
    'SERVER_SOFTWARE' => 'Apache/2.4.10 (Ubuntu)'
    'SERVER_NAME' => 'localhost'
    'SERVER_ADDR' => '127.0.0.1'
    'SERVER_PORT' => '80'
    'REMOTE_ADDR' => '127.0.0.1'
    'DOCUMENT_ROOT' => '/var/www/html'
    'REQUEST_SCHEME' => 'http'
    'CONTEXT_PREFIX' => ''
    'CONTEXT_DOCUMENT_ROOT' => '/var/www/html'
    'SERVER_ADMIN' => 'webmaster@localhost'
    'SCRIPT_FILENAME' => '/var/www/html/cms_beta/backend/web/index.php'
    'REMOTE_PORT' => '48141'
    'GATEWAY_INTERFACE' => 'CGI/1.1'
    'SERVER_PROTOCOL' => 'HTTP/1.1'
    'REQUEST_METHOD' => 'GET'
    'QUERY_STRING' => ''
    'REQUEST_URI' => '/cms_beta/backend/web/'
    'SCRIPT_NAME' => '/cms_beta/backend/web/index.php'
    'PHP_SELF' => '/cms_beta/backend/web/index.php'
    'REQUEST_TIME_FLOAT' => 1441670143.624
    'REQUEST_TIME' => 1441670143
]
2015-09-07 23:56:06 [127.0.0.1][-][-][error][yii\db\Exception] exception 'PDOException' with message 'SQLSTATE[42000] [1049] Unknown database 'cms-beta'' in /var/www/html/cms_beta/vendor/yiisoft/yii2/db/Connection.php:579
Stack trace:
#0 /var/www/html/cms_beta/vendor/yiisoft/yii2/db/Connection.php(579): PDO->__construct('mysql:host=loca...', 'root', '1995', NULL)
#1 /var/www/html/cms_beta/vendor/yiisoft/yii2/db/Connection.php(529): yii\db\Connection->createPdoInstance()
#2 /var/www/html/cms_beta/vendor/yiisoft/yii2/db/Connection.php(836): yii\db\Connection->open()
#3 /var/www/html/cms_beta/vendor/yiisoft/yii2/db/Connection.php(823): yii\db\Connection->getMasterPdo()
#4 /var/www/html/cms_beta/vendor/yiisoft/yii2/db/Command.php(208): yii\db\Connection->getSlavePdo()
#5 /var/www/html/cms_beta/vendor/yiisoft/yii2/db/Command.php(816): yii\db\Command->prepare(true)
#6 /var/www/html/cms_beta/vendor/yiisoft/yii2/db/Command.php(364): yii\db\Command->queryInternal('fetch', NULL)
#7 /var/www/html/cms_beta/vendor/yiisoft/yii2/db/Query.php(243): yii\db\Command->queryOne()
#8 /var/www/html/cms_beta/vendor/yiisoft/yii2/db/ActiveQuery.php(285): yii\db\Query->one(NULL)
#9 /var/www/html/cms_beta/vendor/yiisoft/yii2/db/BaseActiveRecord.php(101): yii\db\ActiveQuery->one()
#10 /var/www/html/cms_beta/common/models/User.php(63): yii\db\BaseActiveRecord::findOne(Array)
#11 /var/www/html/cms_beta/vendor/yiisoft/yii2/web/User.php(614): common\models\User::findIdentity(1)
#12 /var/www/html/cms_beta/vendor/yiisoft/yii2/web/User.php(176): yii\web\User->renewAuthStatus()
#13 /var/www/html/cms_beta/vendor/yiisoft/yii2/web/User.php(346): yii\web\User->getIdentity()
#14 /var/www/html/cms_beta/vendor/yiisoft/yii2/filters/AccessRule.php(149): yii\web\User->getIsGuest()
#15 /var/www/html/cms_beta/vendor/yiisoft/yii2/filters/AccessRule.php(104): yii\filters\AccessRule->matchRole(Object(yii\web\User))
#16 /var/www/html/cms_beta/vendor/yiisoft/yii2/filters/AccessControl.php(118): yii\filters\AccessRule->allows(Object(yii\base\InlineAction), Object(yii\web\User), Object(yii\web\Request))
#17 /var/www/html/cms_beta/vendor/yiisoft/yii2/base/ActionFilter.php(71): yii\filters\AccessControl->beforeAction(Object(yii\base\InlineAction))
#18 [internal function]: yii\base\ActionFilter->beforeFilter(Object(yii\base\ActionEvent))
#19 /var/www/html/cms_beta/vendor/yiisoft/yii2/base/Component.php(538): call_user_func(Array, Object(yii\base\ActionEvent))
#20 /var/www/html/cms_beta/vendor/yiisoft/yii2/base/Controller.php(259): yii\base\Component->trigger('beforeAction', Object(yii\base\ActionEvent))
#21 /var/www/html/cms_beta/vendor/yiisoft/yii2/web/Controller.php(108): yii\base\Controller->beforeAction(Object(yii\base\InlineAction))
#22 /var/www/html/cms_beta/vendor/yiisoft/yii2/base/Controller.php(149): yii\web\Controller->beforeAction(Object(yii\base\InlineAction))
#23 /var/www/html/cms_beta/vendor/yiisoft/yii2/base/Module.php(455): yii\base\Controller->runAction('', Array)
#24 /var/www/html/cms_beta/vendor/yiisoft/yii2/web/Application.php(83): yii\base\Module->runAction('', Array)
#25 /var/www/html/cms_beta/vendor/yiisoft/yii2/base/Application.php(375): yii\web\Application->handleRequest(Object(yii\web\Request))
#26 /var/www/html/cms_beta/backend/web/index.php(18): yii\base\Application->run()
#27 {main}

Next exception 'yii\db\Exception' with message 'SQLSTATE[42000] [1049] Unknown database 'cms-beta'' in /var/www/html/cms_beta/vendor/yiisoft/yii2/db/Connection.php:534
Stack trace:
#0 /var/www/html/cms_beta/vendor/yiisoft/yii2/db/Connection.php(836): yii\db\Connection->open()
#1 /var/www/html/cms_beta/vendor/yiisoft/yii2/db/Connection.php(823): yii\db\Connection->getMasterPdo()
#2 /var/www/html/cms_beta/vendor/yiisoft/yii2/db/Command.php(208): yii\db\Connection->getSlavePdo()
#3 /var/www/html/cms_beta/vendor/yiisoft/yii2/db/Command.php(816): yii\db\Command->prepare(true)
#4 /var/www/html/cms_beta/vendor/yiisoft/yii2/db/Command.php(364): yii\db\Command->queryInternal('fetch', NULL)
#5 /var/www/html/cms_beta/vendor/yiisoft/yii2/db/Query.php(243): yii\db\Command->queryOne()
#6 /var/www/html/cms_beta/vendor/yiisoft/yii2/db/ActiveQuery.php(285): yii\db\Query->one(NULL)
#7 /var/www/html/cms_beta/vendor/yiisoft/yii2/db/BaseActiveRecord.php(101): yii\db\ActiveQuery->one()
#8 /var/www/html/cms_beta/common/models/User.php(63): yii\db\BaseActiveRecord::findOne(Array)
#9 /var/www/html/cms_beta/vendor/yiisoft/yii2/web/User.php(614): common\models\User::findIdentity(1)
#10 /var/www/html/cms_beta/vendor/yiisoft/yii2/web/User.php(176): yii\web\User->renewAuthStatus()
#11 /var/www/html/cms_beta/vendor/yiisoft/yii2/web/User.php(346): yii\web\User->getIdentity()
#12 /var/www/html/cms_beta/vendor/yiisoft/yii2/filters/AccessRule.php(149): yii\web\User->getIsGuest()
#13 /var/www/html/cms_beta/vendor/yiisoft/yii2/filters/AccessRule.php(104): yii\filters\AccessRule->matchRole(Object(yii\web\User))
#14 /var/www/html/cms_beta/vendor/yiisoft/yii2/filters/AccessControl.php(118): yii\filters\AccessRule->allows(Object(yii\base\InlineAction), Object(yii\web\User), Object(yii\web\Request))
#15 /var/www/html/cms_beta/vendor/yiisoft/yii2/base/ActionFilter.php(71): yii\filters\AccessControl->beforeAction(Object(yii\base\InlineAction))
#16 [internal function]: yii\base\ActionFilter->beforeFilter(Object(yii\base\ActionEvent))
#17 /var/www/html/cms_beta/vendor/yiisoft/yii2/base/Component.php(538): call_user_func(Array, Object(yii\base\ActionEvent))
#18 /var/www/html/cms_beta/vendor/yiisoft/yii2/base/Controller.php(259): yii\base\Component->trigger('beforeAction', Object(yii\base\ActionEvent))
#19 /var/www/html/cms_beta/vendor/yiisoft/yii2/web/Controller.php(108): yii\base\Controller->beforeAction(Object(yii\base\InlineAction))
#20 /var/www/html/cms_beta/vendor/yiisoft/yii2/base/Controller.php(149): yii\web\Controller->beforeAction(Object(yii\base\InlineAction))
#21 /var/www/html/cms_beta/vendor/yiisoft/yii2/base/Module.php(455): yii\base\Controller->runAction('', Array)
#22 /var/www/html/cms_beta/vendor/yiisoft/yii2/web/Application.php(83): yii\base\Module->runAction('', Array)
#23 /var/www/html/cms_beta/vendor/yiisoft/yii2/base/Application.php(375): yii\web\Application->handleRequest(Object(yii\web\Request))
#24 /var/www/html/cms_beta/backend/web/index.php(18): yii\base\Application->run()
#25 {main}
Additional Information:

2015-09-07 23:56:06 [127.0.0.1][-][-][info][application] $_COOKIE = [
    '_ga' => 'GA1.1.2047818126.1439657538'
    '__zlcmid' => 'WEesb44vzI0vpE'
    'lang' => '9356938b9adc086f34962b4334258cf1e32279b1s:2:\"en\";'
    '_identity' => '32dca20b64f452a807c4d3a42e3b6ef5b9f223b8c1ba96ddefdb488bd4bb011aa:2:{i:0;s:9:\"_identity\";i:1;s:14:\"[1,\"\",2592000]\";}'
    '_csrf' => '994632701b62384ca26ee06062aaf73b5de4d99f7a4bd671550838917ad59df5a:2:{i:0;s:5:\"_csrf\";i:1;s:32:\"9o4n-zp9DRFrR7RZ7auX5BVnE-R2ikP8\";}'
    'PHPSESSID' => 's6f8fofrsqh7g05u1lv76m4ae4'
]

$_SESSION = [
    '__flash' => []
    '__id' => 1
]

$_SERVER = [
    'HTTP_HOST' => 'localhost'
    'HTTP_USER_AGENT' => 'Mozilla/5.0 (X11; Ubuntu; Linux x86_64; rv:40.0) Gecko/20100101 Firefox/40.0'
    'HTTP_ACCEPT' => 'text/html,application/xhtml+xml,application/xml;q=0.9,*/*;q=0.8'
    'HTTP_ACCEPT_LANGUAGE' => 'es,en-US;q=0.7,en;q=0.3'
    'HTTP_ACCEPT_ENCODING' => 'gzip, deflate'
    'HTTP_REFERER' => 'http://localhost/cms_beta/backend/'
    'HTTP_COOKIE' => '_ga=GA1.1.2047818126.1439657538; __zlcmid=WEesb44vzI0vpE; lang=9356938b9adc086f34962b4334258cf1e32279b1s%3A2%3A%22en%22%3B; _identity=32dca20b64f452a807c4d3a42e3b6ef5b9f223b8c1ba96ddefdb488bd4bb011aa%3A2%3A%7Bi%3A0%3Bs%3A9%3A%22_identity%22%3Bi%3A1%3Bs%3A14%3A%22%5B1%2C%22%22%2C2592000%5D%22%3B%7D; _csrf=994632701b62384ca26ee06062aaf73b5de4d99f7a4bd671550838917ad59df5a%3A2%3A%7Bi%3A0%3Bs%3A5%3A%22_csrf%22%3Bi%3A1%3Bs%3A32%3A%229o4n-zp9DRFrR7RZ7auX5BVnE-R2ikP8%22%3B%7D; PHPSESSID=s6f8fofrsqh7g05u1lv76m4ae4'
    'HTTP_CONNECTION' => 'keep-alive'
    'HTTP_CACHE_CONTROL' => 'max-age=0'
    'PATH' => '/usr/local/sbin:/usr/local/bin:/usr/sbin:/usr/bin:/sbin:/bin'
    'SERVER_SIGNATURE' => '<address>Apache/2.4.10 (Ubuntu) Server at localhost Port 80</address>
'
    'SERVER_SOFTWARE' => 'Apache/2.4.10 (Ubuntu)'
    'SERVER_NAME' => 'localhost'
    'SERVER_ADDR' => '127.0.0.1'
    'SERVER_PORT' => '80'
    'REMOTE_ADDR' => '127.0.0.1'
    'DOCUMENT_ROOT' => '/var/www/html'
    'REQUEST_SCHEME' => 'http'
    'CONTEXT_PREFIX' => ''
    'CONTEXT_DOCUMENT_ROOT' => '/var/www/html'
    'SERVER_ADMIN' => 'webmaster@localhost'
    'SCRIPT_FILENAME' => '/var/www/html/cms_beta/backend/web/index.php'
    'REMOTE_PORT' => '48143'
    'GATEWAY_INTERFACE' => 'CGI/1.1'
    'SERVER_PROTOCOL' => 'HTTP/1.1'
    'REQUEST_METHOD' => 'GET'
    'QUERY_STRING' => ''
    'REQUEST_URI' => '/cms_beta/backend/web/'
    'SCRIPT_NAME' => '/cms_beta/backend/web/index.php'
    'PHP_SELF' => '/cms_beta/backend/web/index.php'
    'REQUEST_TIME_FLOAT' => 1441670166.26
    'REQUEST_TIME' => 1441670166
]
2015-09-07 23:56:28 [127.0.0.1][-][-][error][yii\db\Exception] exception 'PDOException' with message 'SQLSTATE[42S02]: Base table or view not found: 1146 Table 'cms-beta.user' doesn't exist' in /var/www/html/cms_beta/vendor/yiisoft/yii2/db/Command.php:822
Stack trace:
#0 /var/www/html/cms_beta/vendor/yiisoft/yii2/db/Command.php(822): PDOStatement->execute()
#1 /var/www/html/cms_beta/vendor/yiisoft/yii2/db/Command.php(364): yii\db\Command->queryInternal('fetch', NULL)
#2 /var/www/html/cms_beta/vendor/yiisoft/yii2/db/Query.php(243): yii\db\Command->queryOne()
#3 /var/www/html/cms_beta/vendor/yiisoft/yii2/db/ActiveQuery.php(285): yii\db\Query->one(NULL)
#4 /var/www/html/cms_beta/vendor/yiisoft/yii2/db/BaseActiveRecord.php(101): yii\db\ActiveQuery->one()
#5 /var/www/html/cms_beta/common/models/User.php(63): yii\db\BaseActiveRecord::findOne(Array)
#6 /var/www/html/cms_beta/vendor/yiisoft/yii2/web/User.php(614): common\models\User::findIdentity(1)
#7 /var/www/html/cms_beta/vendor/yiisoft/yii2/web/User.php(176): yii\web\User->renewAuthStatus()
#8 /var/www/html/cms_beta/vendor/yiisoft/yii2/web/User.php(346): yii\web\User->getIdentity()
#9 /var/www/html/cms_beta/vendor/yiisoft/yii2/filters/AccessRule.php(149): yii\web\User->getIsGuest()
#10 /var/www/html/cms_beta/vendor/yiisoft/yii2/filters/AccessRule.php(104): yii\filters\AccessRule->matchRole(Object(yii\web\User))
#11 /var/www/html/cms_beta/vendor/yiisoft/yii2/filters/AccessControl.php(118): yii\filters\AccessRule->allows(Object(yii\base\InlineAction), Object(yii\web\User), Object(yii\web\Request))
#12 /var/www/html/cms_beta/vendor/yiisoft/yii2/base/ActionFilter.php(71): yii\filters\AccessControl->beforeAction(Object(yii\base\InlineAction))
#13 [internal function]: yii\base\ActionFilter->beforeFilter(Object(yii\base\ActionEvent))
#14 /var/www/html/cms_beta/vendor/yiisoft/yii2/base/Component.php(538): call_user_func(Array, Object(yii\base\ActionEvent))
#15 /var/www/html/cms_beta/vendor/yiisoft/yii2/base/Controller.php(259): yii\base\Component->trigger('beforeAction', Object(yii\base\ActionEvent))
#16 /var/www/html/cms_beta/vendor/yiisoft/yii2/web/Controller.php(108): yii\base\Controller->beforeAction(Object(yii\base\InlineAction))
#17 /var/www/html/cms_beta/vendor/yiisoft/yii2/base/Controller.php(149): yii\web\Controller->beforeAction(Object(yii\base\InlineAction))
#18 /var/www/html/cms_beta/vendor/yiisoft/yii2/base/Module.php(455): yii\base\Controller->runAction('', Array)
#19 /var/www/html/cms_beta/vendor/yiisoft/yii2/web/Application.php(83): yii\base\Module->runAction('', Array)
#20 /var/www/html/cms_beta/vendor/yiisoft/yii2/base/Application.php(375): yii\web\Application->handleRequest(Object(yii\web\Request))
#21 /var/www/html/cms_beta/backend/web/index.php(18): yii\base\Application->run()
#22 {main}

Next exception 'yii\db\Exception' with message 'SQLSTATE[42S02]: Base table or view not found: 1146 Table 'cms-beta.user' doesn't exist
The SQL being executed was: SELECT * FROM `user` WHERE (`id`=1) AND (`status`=10)' in /var/www/html/cms_beta/vendor/yiisoft/yii2/db/Schema.php:534
Stack trace:
#0 /var/www/html/cms_beta/vendor/yiisoft/yii2/db/Command.php(837): yii\db\Schema->convertException(Object(PDOException), 'SELECT * FROM `...')
#1 /var/www/html/cms_beta/vendor/yiisoft/yii2/db/Command.php(364): yii\db\Command->queryInternal('fetch', NULL)
#2 /var/www/html/cms_beta/vendor/yiisoft/yii2/db/Query.php(243): yii\db\Command->queryOne()
#3 /var/www/html/cms_beta/vendor/yiisoft/yii2/db/ActiveQuery.php(285): yii\db\Query->one(NULL)
#4 /var/www/html/cms_beta/vendor/yiisoft/yii2/db/BaseActiveRecord.php(101): yii\db\ActiveQuery->one()
#5 /var/www/html/cms_beta/common/models/User.php(63): yii\db\BaseActiveRecord::findOne(Array)
#6 /var/www/html/cms_beta/vendor/yiisoft/yii2/web/User.php(614): common\models\User::findIdentity(1)
#7 /var/www/html/cms_beta/vendor/yiisoft/yii2/web/User.php(176): yii\web\User->renewAuthStatus()
#8 /var/www/html/cms_beta/vendor/yiisoft/yii2/web/User.php(346): yii\web\User->getIdentity()
#9 /var/www/html/cms_beta/vendor/yiisoft/yii2/filters/AccessRule.php(149): yii\web\User->getIsGuest()
#10 /var/www/html/cms_beta/vendor/yiisoft/yii2/filters/AccessRule.php(104): yii\filters\AccessRule->matchRole(Object(yii\web\User))
#11 /var/www/html/cms_beta/vendor/yiisoft/yii2/filters/AccessControl.php(118): yii\filters\AccessRule->allows(Object(yii\base\InlineAction), Object(yii\web\User), Object(yii\web\Request))
#12 /var/www/html/cms_beta/vendor/yiisoft/yii2/base/ActionFilter.php(71): yii\filters\AccessControl->beforeAction(Object(yii\base\InlineAction))
#13 [internal function]: yii\base\ActionFilter->beforeFilter(Object(yii\base\ActionEvent))
#14 /var/www/html/cms_beta/vendor/yiisoft/yii2/base/Component.php(538): call_user_func(Array, Object(yii\base\ActionEvent))
#15 /var/www/html/cms_beta/vendor/yiisoft/yii2/base/Controller.php(259): yii\base\Component->trigger('beforeAction', Object(yii\base\ActionEvent))
#16 /var/www/html/cms_beta/vendor/yiisoft/yii2/web/Controller.php(108): yii\base\Controller->beforeAction(Object(yii\base\InlineAction))
#17 /var/www/html/cms_beta/vendor/yiisoft/yii2/base/Controller.php(149): yii\web\Controller->beforeAction(Object(yii\base\InlineAction))
#18 /var/www/html/cms_beta/vendor/yiisoft/yii2/base/Module.php(455): yii\base\Controller->runAction('', Array)
#19 /var/www/html/cms_beta/vendor/yiisoft/yii2/web/Application.php(83): yii\base\Module->runAction('', Array)
#20 /var/www/html/cms_beta/vendor/yiisoft/yii2/base/Application.php(375): yii\web\Application->handleRequest(Object(yii\web\Request))
#21 /var/www/html/cms_beta/backend/web/index.php(18): yii\base\Application->run()
#22 {main}
Additional Information:
Array
(
    [0] => 42S02
    [1] => 1146
    [2] => Table 'cms-beta.user' doesn't exist
)

2015-09-07 23:56:28 [127.0.0.1][-][-][info][application] $_COOKIE = [
    '_ga' => 'GA1.1.2047818126.1439657538'
    '__zlcmid' => 'WEesb44vzI0vpE'
    'lang' => '9356938b9adc086f34962b4334258cf1e32279b1s:2:\"en\";'
    '_identity' => '32dca20b64f452a807c4d3a42e3b6ef5b9f223b8c1ba96ddefdb488bd4bb011aa:2:{i:0;s:9:\"_identity\";i:1;s:14:\"[1,\"\",2592000]\";}'
    '_csrf' => '994632701b62384ca26ee06062aaf73b5de4d99f7a4bd671550838917ad59df5a:2:{i:0;s:5:\"_csrf\";i:1;s:32:\"9o4n-zp9DRFrR7RZ7auX5BVnE-R2ikP8\";}'
    'PHPSESSID' => 's6f8fofrsqh7g05u1lv76m4ae4'
]

$_SESSION = [
    '__flash' => []
    '__id' => 1
]

$_SERVER = [
    'HTTP_HOST' => 'localhost'
    'HTTP_USER_AGENT' => 'Mozilla/5.0 (X11; Ubuntu; Linux x86_64; rv:40.0) Gecko/20100101 Firefox/40.0'
    'HTTP_ACCEPT' => 'text/html,application/xhtml+xml,application/xml;q=0.9,*/*;q=0.8'
    'HTTP_ACCEPT_LANGUAGE' => 'es,en-US;q=0.7,en;q=0.3'
    'HTTP_ACCEPT_ENCODING' => 'gzip, deflate'
    'HTTP_REFERER' => 'http://localhost/cms_beta/backend/'
    'HTTP_COOKIE' => '_ga=GA1.1.2047818126.1439657538; __zlcmid=WEesb44vzI0vpE; lang=9356938b9adc086f34962b4334258cf1e32279b1s%3A2%3A%22en%22%3B; _identity=32dca20b64f452a807c4d3a42e3b6ef5b9f223b8c1ba96ddefdb488bd4bb011aa%3A2%3A%7Bi%3A0%3Bs%3A9%3A%22_identity%22%3Bi%3A1%3Bs%3A14%3A%22%5B1%2C%22%22%2C2592000%5D%22%3B%7D; _csrf=994632701b62384ca26ee06062aaf73b5de4d99f7a4bd671550838917ad59df5a%3A2%3A%7Bi%3A0%3Bs%3A5%3A%22_csrf%22%3Bi%3A1%3Bs%3A32%3A%229o4n-zp9DRFrR7RZ7auX5BVnE-R2ikP8%22%3B%7D; PHPSESSID=s6f8fofrsqh7g05u1lv76m4ae4'
    'HTTP_CONNECTION' => 'keep-alive'
    'HTTP_CACHE_CONTROL' => 'max-age=0'
    'PATH' => '/usr/local/sbin:/usr/local/bin:/usr/sbin:/usr/bin:/sbin:/bin'
    'SERVER_SIGNATURE' => '<address>Apache/2.4.10 (Ubuntu) Server at localhost Port 80</address>
'
    'SERVER_SOFTWARE' => 'Apache/2.4.10 (Ubuntu)'
    'SERVER_NAME' => 'localhost'
    'SERVER_ADDR' => '127.0.0.1'
    'SERVER_PORT' => '80'
    'REMOTE_ADDR' => '127.0.0.1'
    'DOCUMENT_ROOT' => '/var/www/html'
    'REQUEST_SCHEME' => 'http'
    'CONTEXT_PREFIX' => ''
    'CONTEXT_DOCUMENT_ROOT' => '/var/www/html'
    'SERVER_ADMIN' => 'webmaster@localhost'
    'SCRIPT_FILENAME' => '/var/www/html/cms_beta/backend/web/index.php'
    'REMOTE_PORT' => '48147'
    'GATEWAY_INTERFACE' => 'CGI/1.1'
    'SERVER_PROTOCOL' => 'HTTP/1.1'
    'REQUEST_METHOD' => 'GET'
    'QUERY_STRING' => ''
    'REQUEST_URI' => '/cms_beta/backend/web/'
    'SCRIPT_NAME' => '/cms_beta/backend/web/index.php'
    'PHP_SELF' => '/cms_beta/backend/web/index.php'
    'REQUEST_TIME_FLOAT' => 1441670188.117
    'REQUEST_TIME' => 1441670188
]
2015-09-07 23:59:18 [127.0.0.1][-][s6f8fofrsqh7g05u1lv76m4ae4][error][yii\base\ErrorException:1] exception 'yii\base\ErrorException' with message 'Class 'backend\controllers\Response' not found' in /var/www/html/cms_beta/backend/controllers/SiteController.php:73
Stack trace:
#0 [internal function]: yii\base\ErrorHandler->handleFatalError()
#1 {main}
2015-09-07 23:59:18 [127.0.0.1][-][s6f8fofrsqh7g05u1lv76m4ae4][info][application] $_GET = [
    'r' => 'site/login'
]

$_POST = [
    '_csrf' => 'WDA1eE1tNGkyW1IfAz9BPQl.Bzl7MnsrKVFXLX0qbQYZYlxNAxlzOQ=='
    'LoginForm' => [
        'username' => 'admin'
        'password' => 'juanY2Uw'
        'rememberMe' => '1'
    ]
    'ajax' => 'login-form'
]

$_COOKIE = [
    '_ga' => 'GA1.1.2047818126.1439657538'
    '__zlcmid' => 'WEesb44vzI0vpE'
    'lang' => '9356938b9adc086f34962b4334258cf1e32279b1s:2:\"en\";'
    '_identity' => '32dca20b64f452a807c4d3a42e3b6ef5b9f223b8c1ba96ddefdb488bd4bb011aa:2:{i:0;s:9:\"_identity\";i:1;s:14:\"[1,\"\",2592000]\";}'
    '_csrf' => 'db10298f3e8346f85659df41a43d960f18391cd225cd4ea84bed3f75f069479aa:2:{i:0;s:5:\"_csrf\";i:1;s:32:\"jkggNRuTQN2A6_OBqabU0GYoARi5NtGP\";}'
    'PHPSESSID' => 's6f8fofrsqh7g05u1lv76m4ae4'
]

$_SESSION = [
    '__flash' => []
    '__id' => 1
    '__returnUrl' => '/cms_beta/backend/web/'
]

$_SERVER = [
    'HTTP_HOST' => 'localhost'
    'HTTP_USER_AGENT' => 'Mozilla/5.0 (X11; Ubuntu; Linux x86_64; rv:40.0) Gecko/20100101 Firefox/40.0'
    'HTTP_ACCEPT' => 'application/json, text/javascript, */*; q=0.01'
    'HTTP_ACCEPT_LANGUAGE' => 'es,en-US;q=0.7,en;q=0.3'
    'HTTP_ACCEPT_ENCODING' => 'gzip, deflate'
    'HTTP_X_CSRF_TOKEN' => 'WDA1eE1tNGkyW1IfAz9BPQl.Bzl7MnsrKVFXLX0qbQYZYlxNAxlzOQ=='
    'CONTENT_TYPE' => 'application/x-www-form-urlencoded; charset=UTF-8'
    'HTTP_X_REQUESTED_WITH' => 'XMLHttpRequest'
    'HTTP_REFERER' => 'http://localhost/cms_beta/backend/web/index.php?r=site%2Flogin'
    'CONTENT_LENGTH' => '201'
    'HTTP_COOKIE' => '_ga=GA1.1.2047818126.1439657538; __zlcmid=WEesb44vzI0vpE; lang=9356938b9adc086f34962b4334258cf1e32279b1s%3A2%3A%22en%22%3B; _identity=32dca20b64f452a807c4d3a42e3b6ef5b9f223b8c1ba96ddefdb488bd4bb011aa%3A2%3A%7Bi%3A0%3Bs%3A9%3A%22_identity%22%3Bi%3A1%3Bs%3A14%3A%22%5B1%2C%22%22%2C2592000%5D%22%3B%7D; _csrf=db10298f3e8346f85659df41a43d960f18391cd225cd4ea84bed3f75f069479aa%3A2%3A%7Bi%3A0%3Bs%3A5%3A%22_csrf%22%3Bi%3A1%3Bs%3A32%3A%22jkggNRuTQN2A6_OBqabU0GYoARi5NtGP%22%3B%7D; PHPSESSID=s6f8fofrsqh7g05u1lv76m4ae4'
    'HTTP_CONNECTION' => 'keep-alive'
    'HTTP_PRAGMA' => 'no-cache'
    'HTTP_CACHE_CONTROL' => 'no-cache'
    'PATH' => '/usr/local/sbin:/usr/local/bin:/usr/sbin:/usr/bin:/sbin:/bin'
    'SERVER_SIGNATURE' => '<address>Apache/2.4.10 (Ubuntu) Server at localhost Port 80</address>
'
    'SERVER_SOFTWARE' => 'Apache/2.4.10 (Ubuntu)'
    'SERVER_NAME' => 'localhost'
    'SERVER_ADDR' => '127.0.0.1'
    'SERVER_PORT' => '80'
    'REMOTE_ADDR' => '127.0.0.1'
    'DOCUMENT_ROOT' => '/var/www/html'
    'REQUEST_SCHEME' => 'http'
    'CONTEXT_PREFIX' => ''
    'CONTEXT_DOCUMENT_ROOT' => '/var/www/html'
    'SERVER_ADMIN' => 'webmaster@localhost'
    'SCRIPT_FILENAME' => '/var/www/html/cms_beta/backend/web/index.php'
    'REMOTE_PORT' => '48207'
    'GATEWAY_INTERFACE' => 'CGI/1.1'
    'SERVER_PROTOCOL' => 'HTTP/1.1'
    'REQUEST_METHOD' => 'POST'
    'QUERY_STRING' => 'r=site%2Flogin'
    'REQUEST_URI' => '/cms_beta/backend/web/index.php?r=site%2Flogin'
    'SCRIPT_NAME' => '/cms_beta/backend/web/index.php'
    'PHP_SELF' => '/cms_beta/backend/web/index.php'
    'REQUEST_TIME_FLOAT' => 1441670358.373
    'REQUEST_TIME' => 1441670358
]
2015-09-07 23:59:21 [127.0.0.1][-][s6f8fofrsqh7g05u1lv76m4ae4][error][yii\base\ErrorException:1] exception 'yii\base\ErrorException' with message 'Class 'backend\controllers\Response' not found' in /var/www/html/cms_beta/backend/controllers/SiteController.php:73
Stack trace:
#0 [internal function]: yii\base\ErrorHandler->handleFatalError()
#1 {main}
2015-09-07 23:59:21 [127.0.0.1][-][s6f8fofrsqh7g05u1lv76m4ae4][info][application] $_GET = [
    'r' => 'site/login'
]

$_POST = [
    '_csrf' => 'WDA1eE1tNGkyW1IfAz9BPQl.Bzl7MnsrKVFXLX0qbQYZYlxNAxlzOQ=='
    'LoginForm' => [
        'username' => 'admin'
        'password' => 'admin'
        'rememberMe' => '1'
    ]
    'ajax' => 'login-form'
]

$_COOKIE = [
    '_ga' => 'GA1.1.2047818126.1439657538'
    '__zlcmid' => 'WEesb44vzI0vpE'
    'lang' => '9356938b9adc086f34962b4334258cf1e32279b1s:2:\"en\";'
    '_identity' => '32dca20b64f452a807c4d3a42e3b6ef5b9f223b8c1ba96ddefdb488bd4bb011aa:2:{i:0;s:9:\"_identity\";i:1;s:14:\"[1,\"\",2592000]\";}'
    '_csrf' => 'db10298f3e8346f85659df41a43d960f18391cd225cd4ea84bed3f75f069479aa:2:{i:0;s:5:\"_csrf\";i:1;s:32:\"jkggNRuTQN2A6_OBqabU0GYoARi5NtGP\";}'
    'PHPSESSID' => 's6f8fofrsqh7g05u1lv76m4ae4'
]

$_SESSION = [
    '__flash' => []
    '__id' => 1
    '__returnUrl' => '/cms_beta/backend/web/'
]

$_SERVER = [
    'HTTP_HOST' => 'localhost'
    'HTTP_USER_AGENT' => 'Mozilla/5.0 (X11; Ubuntu; Linux x86_64; rv:40.0) Gecko/20100101 Firefox/40.0'
    'HTTP_ACCEPT' => 'application/json, text/javascript, */*; q=0.01'
    'HTTP_ACCEPT_LANGUAGE' => 'es,en-US;q=0.7,en;q=0.3'
    'HTTP_ACCEPT_ENCODING' => 'gzip, deflate'
    'HTTP_X_CSRF_TOKEN' => 'WDA1eE1tNGkyW1IfAz9BPQl.Bzl7MnsrKVFXLX0qbQYZYlxNAxlzOQ=='
    'CONTENT_TYPE' => 'application/x-www-form-urlencoded; charset=UTF-8'
    'HTTP_X_REQUESTED_WITH' => 'XMLHttpRequest'
    'HTTP_REFERER' => 'http://localhost/cms_beta/backend/web/index.php?r=site%2Flogin'
    'CONTENT_LENGTH' => '198'
    'HTTP_COOKIE' => '_ga=GA1.1.2047818126.1439657538; __zlcmid=WEesb44vzI0vpE; lang=9356938b9adc086f34962b4334258cf1e32279b1s%3A2%3A%22en%22%3B; _identity=32dca20b64f452a807c4d3a42e3b6ef5b9f223b8c1ba96ddefdb488bd4bb011aa%3A2%3A%7Bi%3A0%3Bs%3A9%3A%22_identity%22%3Bi%3A1%3Bs%3A14%3A%22%5B1%2C%22%22%2C2592000%5D%22%3B%7D; _csrf=db10298f3e8346f85659df41a43d960f18391cd225cd4ea84bed3f75f069479aa%3A2%3A%7Bi%3A0%3Bs%3A5%3A%22_csrf%22%3Bi%3A1%3Bs%3A32%3A%22jkggNRuTQN2A6_OBqabU0GYoARi5NtGP%22%3B%7D; PHPSESSID=s6f8fofrsqh7g05u1lv76m4ae4'
    'HTTP_CONNECTION' => 'keep-alive'
    'HTTP_PRAGMA' => 'no-cache'
    'HTTP_CACHE_CONTROL' => 'no-cache'
    'PATH' => '/usr/local/sbin:/usr/local/bin:/usr/sbin:/usr/bin:/sbin:/bin'
    'SERVER_SIGNATURE' => '<address>Apache/2.4.10 (Ubuntu) Server at localhost Port 80</address>
'
    'SERVER_SOFTWARE' => 'Apache/2.4.10 (Ubuntu)'
    'SERVER_NAME' => 'localhost'
    'SERVER_ADDR' => '127.0.0.1'
    'SERVER_PORT' => '80'
    'REMOTE_ADDR' => '127.0.0.1'
    'DOCUMENT_ROOT' => '/var/www/html'
    'REQUEST_SCHEME' => 'http'
    'CONTEXT_PREFIX' => ''
    'CONTEXT_DOCUMENT_ROOT' => '/var/www/html'
    'SERVER_ADMIN' => 'webmaster@localhost'
    'SCRIPT_FILENAME' => '/var/www/html/cms_beta/backend/web/index.php'
    'REMOTE_PORT' => '48222'
    'GATEWAY_INTERFACE' => 'CGI/1.1'
    'SERVER_PROTOCOL' => 'HTTP/1.1'
    'REQUEST_METHOD' => 'POST'
    'QUERY_STRING' => 'r=site%2Flogin'
    'REQUEST_URI' => '/cms_beta/backend/web/index.php?r=site%2Flogin'
    'SCRIPT_NAME' => '/cms_beta/backend/web/index.php'
    'PHP_SELF' => '/cms_beta/backend/web/index.php'
    'REQUEST_TIME_FLOAT' => 1441670361.658
    'REQUEST_TIME' => 1441670361
]
2015-09-07 23:59:25 [127.0.0.1][-][s6f8fofrsqh7g05u1lv76m4ae4][error][yii\base\ErrorException:1] exception 'yii\base\ErrorException' with message 'Class 'backend\controllers\Response' not found' in /var/www/html/cms_beta/backend/controllers/SiteController.php:73
Stack trace:
#0 [internal function]: yii\base\ErrorHandler->handleFatalError()
#1 {main}
2015-09-07 23:59:25 [127.0.0.1][-][s6f8fofrsqh7g05u1lv76m4ae4][info][application] $_GET = [
    'r' => 'site/login'
]

$_POST = [
    '_csrf' => 'WDA1eE1tNGkyW1IfAz9BPQl.Bzl7MnsrKVFXLX0qbQYZYlxNAxlzOQ=='
    'LoginForm' => [
        'username' => 'admin'
        'password' => 'admin'
        'rememberMe' => '1'
    ]
    'ajax' => 'login-form'
]

$_COOKIE = [
    '_ga' => 'GA1.1.2047818126.1439657538'
    '__zlcmid' => 'WEesb44vzI0vpE'
    'lang' => '9356938b9adc086f34962b4334258cf1e32279b1s:2:\"en\";'
    '_identity' => '32dca20b64f452a807c4d3a42e3b6ef5b9f223b8c1ba96ddefdb488bd4bb011aa:2:{i:0;s:9:\"_identity\";i:1;s:14:\"[1,\"\",2592000]\";}'
    '_csrf' => 'db10298f3e8346f85659df41a43d960f18391cd225cd4ea84bed3f75f069479aa:2:{i:0;s:5:\"_csrf\";i:1;s:32:\"jkggNRuTQN2A6_OBqabU0GYoARi5NtGP\";}'
    'PHPSESSID' => 's6f8fofrsqh7g05u1lv76m4ae4'
]

$_SESSION = [
    '__flash' => []
    '__id' => 1
    '__returnUrl' => '/cms_beta/backend/web/'
]

$_SERVER = [
    'HTTP_HOST' => 'localhost'
    'HTTP_USER_AGENT' => 'Mozilla/5.0 (X11; Ubuntu; Linux x86_64; rv:40.0) Gecko/20100101 Firefox/40.0'
    'HTTP_ACCEPT' => 'application/json, text/javascript, */*; q=0.01'
    'HTTP_ACCEPT_LANGUAGE' => 'es,en-US;q=0.7,en;q=0.3'
    'HTTP_ACCEPT_ENCODING' => 'gzip, deflate'
    'HTTP_X_CSRF_TOKEN' => 'WDA1eE1tNGkyW1IfAz9BPQl.Bzl7MnsrKVFXLX0qbQYZYlxNAxlzOQ=='
    'CONTENT_TYPE' => 'application/x-www-form-urlencoded; charset=UTF-8'
    'HTTP_X_REQUESTED_WITH' => 'XMLHttpRequest'
    'HTTP_REFERER' => 'http://localhost/cms_beta/backend/web/index.php?r=site%2Flogin'
    'CONTENT_LENGTH' => '198'
    'HTTP_COOKIE' => '_ga=GA1.1.2047818126.1439657538; __zlcmid=WEesb44vzI0vpE; lang=9356938b9adc086f34962b4334258cf1e32279b1s%3A2%3A%22en%22%3B; _identity=32dca20b64f452a807c4d3a42e3b6ef5b9f223b8c1ba96ddefdb488bd4bb011aa%3A2%3A%7Bi%3A0%3Bs%3A9%3A%22_identity%22%3Bi%3A1%3Bs%3A14%3A%22%5B1%2C%22%22%2C2592000%5D%22%3B%7D; _csrf=db10298f3e8346f85659df41a43d960f18391cd225cd4ea84bed3f75f069479aa%3A2%3A%7Bi%3A0%3Bs%3A5%3A%22_csrf%22%3Bi%3A1%3Bs%3A32%3A%22jkggNRuTQN2A6_OBqabU0GYoARi5NtGP%22%3B%7D; PHPSESSID=s6f8fofrsqh7g05u1lv76m4ae4'
    'HTTP_CONNECTION' => 'keep-alive'
    'HTTP_PRAGMA' => 'no-cache'
    'HTTP_CACHE_CONTROL' => 'no-cache'
    'PATH' => '/usr/local/sbin:/usr/local/bin:/usr/sbin:/usr/bin:/sbin:/bin'
    'SERVER_SIGNATURE' => '<address>Apache/2.4.10 (Ubuntu) Server at localhost Port 80</address>
'
    'SERVER_SOFTWARE' => 'Apache/2.4.10 (Ubuntu)'
    'SERVER_NAME' => 'localhost'
    'SERVER_ADDR' => '127.0.0.1'
    'SERVER_PORT' => '80'
    'REMOTE_ADDR' => '127.0.0.1'
    'DOCUMENT_ROOT' => '/var/www/html'
    'REQUEST_SCHEME' => 'http'
    'CONTEXT_PREFIX' => ''
    'CONTEXT_DOCUMENT_ROOT' => '/var/www/html'
    'SERVER_ADMIN' => 'webmaster@localhost'
    'SCRIPT_FILENAME' => '/var/www/html/cms_beta/backend/web/index.php'
    'REMOTE_PORT' => '48223'
    'GATEWAY_INTERFACE' => 'CGI/1.1'
    'SERVER_PROTOCOL' => 'HTTP/1.1'
    'REQUEST_METHOD' => 'POST'
    'QUERY_STRING' => 'r=site%2Flogin'
    'REQUEST_URI' => '/cms_beta/backend/web/index.php?r=site%2Flogin'
    'SCRIPT_NAME' => '/cms_beta/backend/web/index.php'
    'PHP_SELF' => '/cms_beta/backend/web/index.php'
    'REQUEST_TIME_FLOAT' => 1441670365.341
    'REQUEST_TIME' => 1441670365
]
